
La fecha es 18:39:49 GMT-0500 (Colombia Standard Time) 
La IP de la consulta es ::1 
el metodo es POST
 La ruta es/users 
La fecha es 18:40:10 GMT-0500 (Colombia Standard Time) 
La IP de la consulta es ::1 
el metodo es POST
 La ruta es/users 
La fecha es 19:19:29 GMT-0500 (Colombia Standard Time) 
La IP de la consulta es ::1 
el metodo es POST
 La ruta es/tweet 
La fecha es 19:20:38 GMT-0500 (Colombia Standard Time) 
La IP de la consulta es ::1 
el metodo es POST
 La ruta es/tweet 
La fecha es 19:20:45 GMT-0500 (Colombia Standard Time) 
La IP de la consulta es ::1 
el metodo es POST
 La ruta es/users 
La fecha es 19:21:20 GMT-0500 (Colombia Standard Time) 
La IP de la consulta es ::1 
el metodo es POST
 La ruta es/tweet 
La fecha es 19:21:31 GMT-0500 (Colombia Standard Time) 
La IP de la consulta es ::1 
el metodo es POST
 La ruta es/tweet 
La fecha es 19:23:07 GMT-0500 (Colombia Standard Time) 
La IP de la consulta es ::1 
el metodo es POST
 La ruta es/tweet 
La fecha es 19:25:10 GMT-0500 (Colombia Standard Time) 
La IP de la consulta es ::1 
el metodo es POST
 La ruta es/tweet 
La fecha es 19:26:20 GMT-0500 (Colombia Standard Time) 
La IP de la consulta es ::1 
el metodo es POST
 La ruta es/tweet 
La fecha es 19:46:05 GMT-0500 (Colombia Standard Time) 
La IP de la consulta es ::1 
el metodo es POST
 La ruta es/tweet 
La fecha es 19:48:12 GMT-0500 (Colombia Standard Time) 
La IP de la consulta es ::1 
el metodo es POST
 La ruta es/tweet 
La fecha es 19:50:50 GMT-0500 (Colombia Standard Time) 
La IP de la consulta es ::1 
el metodo es POST
 La ruta es/tweet 
La fecha es 19:51:17 GMT-0500 (Colombia Standard Time) 
La IP de la consulta es ::1 
el metodo es POST
 La ruta es/tweet 
La fecha es 19:51:21 GMT-0500 (Colombia Standard Time) 
La IP de la consulta es ::1 
el metodo es GET
 La ruta es/tweet 
La fecha es 19:52:02 GMT-0500 (Colombia Standard Time) 
La IP de la consulta es ::1 
el metodo es POST
 La ruta es/tweets 
La fecha es 19:52:10 GMT-0500 (Colombia Standard Time) 
La IP de la consulta es ::1 
el metodo es GET
 La ruta es/tweets 
La fecha es 20:11:32 GMT-0500 (Colombia Standard Time) 
La IP de la consulta es ::1 
el metodo es POST
 La ruta es/users 
La fecha es 20:12:08 GMT-0500 (Colombia Standard Time) 
La IP de la consulta es ::1 
el metodo es POST
 La ruta es/users 
La fecha es 20:12:19 GMT-0500 (Colombia Standard Time) 
La IP de la consulta es ::1 
el metodo es POST
 La ruta es/users 
La fecha es 20:12:32 GMT-0500 (Colombia Standard Time) 
La IP de la consulta es ::1 
el metodo es POST
 La ruta es/users 
La fecha es 20:13:05 GMT-0500 (Colombia Standard Time) 
La IP de la consulta es ::1 
el metodo es POST
 La ruta es/users 
La fecha es 20:14:56 GMT-0500 (Colombia Standard Time) 
La IP de la consulta es ::1 
el metodo es POST
 La ruta es/users 
La fecha es 20:15:00 GMT-0500 (Colombia Standard Time) 
La IP de la consulta es ::1 
el metodo es GET
 La ruta es/users 
La fecha es 20:16:09 GMT-0500 (Colombia Standard Time) 
La IP de la consulta es ::1 
el metodo es POST
 La ruta es/tweets 
La fecha es 20:41:11 GMT-0500 (Colombia Standard Time) 
La IP de la consulta es ::1 
el metodo es POST
 La ruta es/users 
La fecha es 20:42:21 GMT-0500 (Colombia Standard Time) 
La IP de la consulta es ::1 
el metodo es POST
 La ruta es/users 
La fecha es 20:42:22 GMT-0500 (Colombia Standard Time) 
La IP de la consulta es ::1 
el metodo es POST
 La ruta es/users 
La fecha es 20:42:33 GMT-0500 (Colombia Standard Time) 
La IP de la consulta es ::1 
el metodo es POST
 La ruta es/users 
La fecha es 20:42:35 GMT-0500 (Colombia Standard Time) 
La IP de la consulta es ::1 
el metodo es POST
 La ruta es/users 
La fecha es 21:22:26 GMT-0500 (Colombia Standard Time) 
La IP de la consulta es ::1 
el metodo es POST
 La ruta es/users 
La fecha es 21:22:29 GMT-0500 (Colombia Standard Time) 
La IP de la consulta es ::1 
el metodo es GET
 La ruta es/users 
La fecha es 21:22:33 GMT-0500 (Colombia Standard Time) 
La IP de la consulta es ::1 
el metodo es GET
 La ruta es/tweets 
La fecha es 21:22:41 GMT-0500 (Colombia Standard Time) 
La IP de la consulta es ::1 
el metodo es POST
 La ruta es/tweets 
La fecha es 21:22:45 GMT-0500 (Colombia Standard Time) 
La IP de la consulta es ::1 
el metodo es GET
 La ruta es/tweets 
La fecha es 21:25:51 GMT-0500 (Colombia Standard Time) 
La IP de la consulta es ::1 
el metodo es POST
 La ruta es/tweets 
La fecha es 21:26:39 GMT-0500 (Colombia Standard Time) 
La IP de la consulta es ::1 
el metodo es POST
 La ruta es/tweets 
La fecha es 21:27:38 GMT-0500 (Colombia Standard Time) 
La IP de la consulta es ::1 
el metodo es POST
 La ruta es/users 
La fecha es 21:28:08 GMT-0500 (Colombia Standard Time) 
La IP de la consulta es ::1 
el metodo es POST
 La ruta es/users 
La fecha es 21:28:35 GMT-0500 (Colombia Standard Time) 
La IP de la consulta es ::1 
el metodo es POST
 La ruta es/users 
La fecha es 21:28:36 GMT-0500 (Colombia Standard Time) 
La IP de la consulta es ::1 
el metodo es POST
 La ruta es/users 
La fecha es 21:29:31 GMT-0500 (Colombia Standard Time) 
La IP de la consulta es ::1 
el metodo es POST
 La ruta es/users 
La fecha es 21:29:46 GMT-0500 (Colombia Standard Time) 
La IP de la consulta es ::1 
el metodo es POST
 La ruta es/users 
La fecha es 21:29:49 GMT-0500 (Colombia Standard Time) 
La IP de la consulta es ::1 
el metodo es POST
 La ruta es/users 
La fecha es 21:29:52 GMT-0500 (Colombia Standard Time) 
La IP de la consulta es ::1 
el metodo es DELETE
 La ruta es/users/jefry01 