
La fecha es 09:31:22 GMT-0500 (Colombia Standard Time) 
La IP de la consulta es ::ffff:127.0.0.1 
el metodo es GET
 La ruta es/users 
La fecha es 18:11:15 GMT-0500 (Colombia Standard Time) 
La IP de la consulta es ::ffff:127.0.0.1 
el metodo es GET
 La ruta es/users 
La fecha es 18:11:17 GMT-0500 (Colombia Standard Time) 
La IP de la consulta es ::ffff:127.0.0.1 
el metodo es GET
 La ruta es/users 
La fecha es 18:33:19 GMT-0500 (Colombia Standard Time) 
La IP de la consulta es ::ffff:127.0.0.1 
el metodo es GET
 La ruta es/users 
La fecha es 18:33:20 GMT-0500 (Colombia Standard Time) 
La IP de la consulta es ::ffff:127.0.0.1 
el metodo es GET
 La ruta es/users 
La fecha es 18:55:44 GMT-0500 (Colombia Standard Time) 
La IP de la consulta es ::1 
el metodo es GET
 La ruta es/users 
La fecha es 18:55:58 GMT-0500 (Colombia Standard Time) 
La IP de la consulta es ::1 
el metodo es GET
 La ruta es/users/ 
La fecha es 18:56:56 GMT-0500 (Colombia Standard Time) 
La IP de la consulta es ::1 
el metodo es GET
 La ruta es/users 
La fecha es 21:01:01 GMT-0500 (Colombia Standard Time) 
La IP de la consulta es ::1 
el metodo es POST
 La ruta es/users 
La fecha es 21:01:21 GMT-0500 (Colombia Standard Time) 
La IP de la consulta es ::1 
el metodo es POST
 La ruta es/users 
La fecha es 21:01:26 GMT-0500 (Colombia Standard Time) 
La IP de la consulta es ::1 
el metodo es POST
 La ruta es/users 
La fecha es 21:01:35 GMT-0500 (Colombia Standard Time) 
La IP de la consulta es ::1 
el metodo es GET
 La ruta es/users 
La fecha es 21:01:45 GMT-0500 (Colombia Standard Time) 
La IP de la consulta es ::1 
el metodo es PUT
 La ruta es/users/jefry03 
La fecha es 21:01:53 GMT-0500 (Colombia Standard Time) 
La IP de la consulta es ::1 
el metodo es PUT
 La ruta es/users/jefry0 
La fecha es 21:02:08 GMT-0500 (Colombia Standard Time) 
La IP de la consulta es ::1 
el metodo es DELETE
 La ruta es/users/jefry01 
La fecha es 21:03:20 GMT-0500 (Colombia Standard Time) 
La IP de la consulta es ::1 
el metodo es POST
 La ruta es/users 
La fecha es 21:03:24 GMT-0500 (Colombia Standard Time) 
La IP de la consulta es ::1 
el metodo es POST
 La ruta es/users 
La fecha es 21:03:27 GMT-0500 (Colombia Standard Time) 
La IP de la consulta es ::1 
el metodo es POST
 La ruta es/users 
La fecha es 21:03:31 GMT-0500 (Colombia Standard Time) 
La IP de la consulta es ::1 
el metodo es GET
 La ruta es/users 
La fecha es 21:03:38 GMT-0500 (Colombia Standard Time) 
La IP de la consulta es ::1 
el metodo es GET
 La ruta es/users/jefry02 
La fecha es 21:03:45 GMT-0500 (Colombia Standard Time) 
La IP de la consulta es ::1 
el metodo es PUT
 La ruta es/users/jefry0 
La fecha es 21:03:51 GMT-0500 (Colombia Standard Time) 
La IP de la consulta es ::1 
el metodo es DELETE
 La ruta es/users/jefry01 